<?xml version="1.0" encoding="UTF-8"?>
<!-- Generated by org.testng.reporters.JUnitXMLReporter -->
<testsuite hostname="LAPTOP-UJPD4G6T" ignored="1" name="Default test" tests="1" failures="0" timestamp="2020-07-30T15:13:14 IST" time="0.065" errors="0">
  <testcase name="nativeappandroid" time="0.014" classname="qaclickacademy.mavenjava.AppiumTest"/>
  <testcase name="iosapps" time="0.0" classname="qaclickacademy.mavenjava.AppiumTest">
    <ignored/>
  </testcase> <!-- iosapps -->
</testsuite> <!-- Default test -->
