<?xml version="1.0" encoding="UTF-8"?>
<!-- Generated by org.testng.reporters.JUnitXMLReporter -->
<testsuite hostname="LAPTOP-UJPD4G6T" ignored="0" name="Test" tests="3" failures="0" timestamp="30 Jul 2020 10:57:04 GMT" time="0.028" errors="0">
  <testcase name="elementUI" time="0.006" classname="qaclickacademy.mavenjava.SeleinumTest"/>
  <testcase name="deletetwitter" time="0.001" classname="qaclickacademy.mavenjava.RestApiTest"/>
  <testcase name="postjira" time="0.0" classname="qaclickacademy.mavenjava.RestApiTest"/>
</testsuite> <!-- Test -->
