<?xml version="1.0" encoding="UTF-8"?>
<testng-results skipped="0" failed="0" ignored="0" total="3" passed="3">
  <reporter-output>
  </reporter-output>
  <suite name="Suite" duration-ms="28" started-at="2020-07-30T10:57:04Z" finished-at="2020-07-30T10:57:04Z">
    <groups>
    </groups>
    <test name="Test" duration-ms="28" started-at="2020-07-30T10:57:04Z" finished-at="2020-07-30T10:57:04Z">
      <class name="qaclickacademy.mavenjava.SeleinumTest">
        <test-method status="PASS" signature="elementUI()[pri:0, instance:qaclickacademy.mavenjava.SeleinumTest@5bfa9431]" name="elementUI" duration-ms="6" started-at="2020-07-30T10:57:04Z" finished-at="2020-07-30T10:57:04Z">
          <reporter-output>
          </reporter-output>
        </test-method> <!-- elementUI -->
      </class> <!-- qaclickacademy.mavenjava.SeleinumTest -->
      <class name="qaclickacademy.mavenjava.RestApiTest">
        <test-method status="PASS" signature="deletetwitter()[pri:0, instance:qaclickacademy.mavenjava.RestApiTest@5db250b4]" name="deletetwitter" duration-ms="1" started-at="2020-07-30T10:57:04Z" finished-at="2020-07-30T10:57:04Z">
          <reporter-output>
          </reporter-output>
        </test-method> <!-- deletetwitter -->
        <test-method status="PASS" signature="postjira()[pri:0, instance:qaclickacademy.mavenjava.RestApiTest@5db250b4]" name="postjira" duration-ms="0" started-at="2020-07-30T10:57:04Z" finished-at="2020-07-30T10:57:04Z">
          <reporter-output>
          </reporter-output>
        </test-method> <!-- postjira -->
      </class> <!-- qaclickacademy.mavenjava.RestApiTest -->
    </test> <!-- Test -->
  </suite> <!-- Suite -->
</testng-results>
