<?xml version="1.0" encoding="UTF-8"?>
<testng-results skipped="0" failed="0" ignored="1" total="2" passed="1">
  <reporter-output>
  </reporter-output>
  <suite name="Default suite" duration-ms="65" started-at="2020-07-30T15:13:14 IST" finished-at="2020-07-30T15:13:14 IST">
    <groups>
    </groups>
    <test name="Default test" duration-ms="65" started-at="2020-07-30T15:13:14 IST" finished-at="2020-07-30T15:13:14 IST">
      <class name="qaclickacademy.mavenjava.AppiumTest">
        <test-method status="PASS" signature="nativeappandroid()[pri:0, instance:qaclickacademy.mavenjava.AppiumTest@704a52ec]" name="nativeappandroid" duration-ms="14" started-at="2020-07-30T15:13:14 IST" finished-at="2020-07-30T15:13:14 IST">
          <reporter-output>
          </reporter-output>
        </test-method> <!-- nativeappandroid -->
      </class> <!-- qaclickacademy.mavenjava.AppiumTest -->
    </test> <!-- Default test -->
  </suite> <!-- Default suite -->
</testng-results>
